{
  "numFailedTestSuites": 0,
  "numFailedTests": 0,
  "numPassedTestSuites": 1,
  "numPassedTests": 1,
  "numPendingTestSuites": 0,
  "numPendingTests": 0,
  "numRuntimeErrorTestSuites": 0,
  "numTodoTests": 0,
  "numTotalTestSuites": 1,
  "numTotalTests": 1,
  "openHandles": [],
  "snapshot": {
    "added": 0,
    "didUpdate": false,
    "failure": false,
    "filesAdded": 0,
    "filesRemoved": 0,
    "filesRemovedList": [],
    "filesUnmatched": 0,
    "filesUpdated": 0,
    "matched": 0,
    "total": 0,
    "unchecked": 0,
    "uncheckedKeysByFile": [],
    "unmatched": 0,
    "updated": 0
  },
  "startTime": 1605657309940,
  "success": true,
  "testResults": [
    {
      "leaks": false,
      "numFailingTests": 0,
      "numPassingTests": 1,
      "numPendingTests": 0,
      "numTodoTests": 0,
      "openHandles": [],
      "perfStats": {
        "end": 1605657311265,
        "runtime": 1242,
        "slow": false,
        "start": 1605657310023
      },
      "skipped": false,
      "snapshot": {
        "added": 0,
        "fileDeleted": false,
        "matched": 0,
        "unchecked": 0,
        "unmatched": 0,
        "updated": 0,
        "uncheckedKeys": []
      },
      "testFilePath": "/Users/samuelchristopherselwyn/Sam-Inc/JavaScript/Automation/ys-qacode-challenge/src/tests/api_openweather.test.js",
      "testResults": [
        {
          "ancestorTitles": [
            "weather api CRUD Tests"
          ],
          "duration": 462,
          "failureDetails": [],
          "failureMessages": [],
          "fullName": "weather api CRUD Tests should be able to make a successful GET request to weather API with city name",
          "location": null,
          "numPassingAsserts": 0,
          "status": "passed",
          "title": "should be able to make a successful GET request to weather API with city name"
        }
      ],
      "failureMessage": null
    }
  ],
  "wasInterrupted": false
}