{
  "numFailedTestSuites": 0,
  "numFailedTests": 0,
  "numPassedTestSuites": 1,
  "numPassedTests": 3,
  "numPendingTestSuites": 1,
  "numPendingTests": 6,
  "numRuntimeErrorTestSuites": 0,
  "numTodoTests": 0,
  "numTotalTestSuites": 2,
  "numTotalTests": 9,
  "openHandles": [],
  "snapshot": {
    "added": 0,
    "didUpdate": false,
    "failure": false,
    "filesAdded": 0,
    "filesRemoved": 0,
    "filesRemovedList": [],
    "filesUnmatched": 0,
    "filesUpdated": 0,
    "matched": 0,
    "total": 0,
    "unchecked": 0,
    "uncheckedKeysByFile": [],
    "unmatched": 0,
    "updated": 0
  },
  "startTime": 1638815227681,
  "success": true,
  "testResults": [
    {
      "leaks": false,
      "numFailingTests": 0,
      "numPassingTests": 0,
      "numPendingTests": 6,
      "numTodoTests": 0,
      "openHandles": [],
      "perfStats": {
        "end": 1638815228013,
        "runtime": 313,
        "slow": false,
        "start": 1638815227700
      },
      "skipped": true,
      "snapshot": {
        "added": 0,
        "fileDeleted": false,
        "matched": 0,
        "unchecked": 0,
        "unmatched": 0,
        "updated": 0,
        "uncheckedKeys": []
      },
      "testFilePath": "/Users/samchris/Documents/GitHub/mysampleqaframe/src/tests/ui_saucedemo.test.js",
      "testResults": [
        {
          "ancestorTitles": [
            "Saucedemo UI Tests"
          ],
          "duration": 0,
          "failureDetails": [],
          "failureMessages": [],
          "fullName": "Saucedemo UI Tests Should be able to launch Saucedemo",
          "location": null,
          "numPassingAsserts": 0,
          "status": "pending",
          "title": "Should be able to launch Saucedemo"
        },
        {
          "ancestorTitles": [
            "Saucedemo UI Tests"
          ],
          "duration": 0,
          "failureDetails": [],
          "failureMessages": [],
          "fullName": "Saucedemo UI Tests Should be able to login to Saucedemo",
          "location": null,
          "numPassingAsserts": 0,
          "status": "pending",
          "title": "Should be able to login to Saucedemo"
        },
        {
          "ancestorTitles": [
            "Saucedemo UI Tests"
          ],
          "duration": 0,
          "failureDetails": [],
          "failureMessages": [],
          "fullName": "Saucedemo UI Tests Should be able to find all items on products page containing \"T-Shirt\" and Add to cart",
          "location": null,
          "numPassingAsserts": 0,
          "status": "pending",
          "title": "Should be able to find all items on products page containing \"T-Shirt\" and Add to cart"
        },
        {
          "ancestorTitles": [
            "Saucedemo UI Tests"
          ],
          "duration": 0,
          "failureDetails": [],
          "failureMessages": [],
          "fullName": "Saucedemo UI Tests Should be able to click cart and validate \"T-Shirt\" on cart",
          "location": null,
          "numPassingAsserts": 0,
          "status": "pending",
          "title": "Should be able to click cart and validate \"T-Shirt\" on cart"
        },
        {
          "ancestorTitles": [
            "Saucedemo UI Tests"
          ],
          "duration": 0,
          "failureDetails": [],
          "failureMessages": [],
          "fullName": "Saucedemo UI Tests Should be able to checkout cart, fill form and continue",
          "location": null,
          "numPassingAsserts": 0,
          "status": "pending",
          "title": "Should be able to checkout cart, fill form and continue"
        },
        {
          "ancestorTitles": [
            "Saucedemo UI Tests"
          ],
          "duration": 0,
          "failureDetails": [],
          "failureMessages": [],
          "fullName": "Saucedemo UI Tests Should be able to validate cart, and finish purchase",
          "location": null,
          "numPassingAsserts": 0,
          "status": "pending",
          "title": "Should be able to validate cart, and finish purchase"
        }
      ],
      "failureMessage": null
    },
    {
      "leaks": false,
      "numFailingTests": 0,
      "numPassingTests": 3,
      "numPendingTests": 0,
      "numTodoTests": 0,
      "openHandles": [],
      "perfStats": {
        "end": 1638815228421,
        "runtime": 402,
        "slow": false,
        "start": 1638815228019
      },
      "skipped": false,
      "snapshot": {
        "added": 0,
        "fileDeleted": false,
        "matched": 0,
        "unchecked": 0,
        "unmatched": 0,
        "updated": 0,
        "uncheckedKeys": []
      },
      "testFilePath": "/Users/samchris/Documents/GitHub/mysampleqaframe/src/tests/api_openweather.test.js",
      "testResults": [
        {
          "ancestorTitles": [
            "GET request - weather API endpoint"
          ],
          "duration": 89,
          "failureDetails": [],
          "failureMessages": [],
          "fullName": "GET request - weather API endpoint should return 200 status on GET with city=London",
          "location": null,
          "numPassingAsserts": 0,
          "status": "passed",
          "title": "should return 200 status on GET with city=London"
        },
        {
          "ancestorTitles": [
            "GET request - weather API endpoint"
          ],
          "duration": 0,
          "failureDetails": [],
          "failureMessages": [],
          "fullName": "GET request - weather API endpoint should have city name=London in response",
          "location": null,
          "numPassingAsserts": 0,
          "status": "passed",
          "title": "should have city name=London in response"
        },
        {
          "ancestorTitles": [
            "GET request - weather API endpoint"
          ],
          "duration": 40,
          "failureDetails": [],
          "failureMessages": [],
          "fullName": "GET request - weather API endpoint should return 401 status on GET with incorrect key",
          "location": null,
          "numPassingAsserts": 0,
          "status": "passed",
          "title": "should return 401 status on GET with incorrect key"
        }
      ],
      "failureMessage": null
    }
  ],
  "wasInterrupted": false
}